<?xml version="1.0" encoding="UTF-8"?>
<Site BuildName="(empty)"
	BuildStamp="20260301-1101-Experimental"
	Name="(empty)"
	Generator="ctest-3.22.1"
	CompilerName=""
	CompilerVersion=""
	OSName="Linux"
	Hostname="zpw-ThinkStation-P340"
	OSRelease="6.8.0-87-generic"
	OSVersion="#88~22.04.1-Ubuntu SMP PREEMPT_DYNAMIC Tue Oct 14 14:03:14 UTC 2"
	OSPlatform="x86_64"
	Is64Bits="1"
	VendorString="GenuineIntel"
	VendorID="Intel Corporation"
	FamilyID="6"
	ModelID="165"
	ProcessorCacheSize="16384"
	NumberOfLogicalCPU="16"
	NumberOfPhysicalCPU="8"
	TotalVirtualMemory="15624"
	TotalPhysicalMemory="15696"
	LogicalProcessorsPerPhysical="2"
	ProcessorClockFrequency="4600.69"
	>
	<Testing>
		<StartDateTime>Mar 01 19:01 CST</StartDateTime>
		<StartTestTime>1772362877</StartTestTime>
		<TestList/>
		<EndDateTime>Mar 01 19:01 CST</EndDateTime>
		<EndTestTime>1772362877</EndTestTime>
		<ElapsedMinutes>0</ElapsedMinutes>
	</Testing>
</Site>
