<?xml version="1.0" encoding="UTF-8"?>
<Site BuildName="(empty)"
	BuildStamp="20260124-1341-Experimental"
	Name="(empty)"
	Generator="ctest-3.22.1"
	CompilerName=""
	CompilerVersion=""
	OSName="Linux"
	Hostname="zpw-ThinkStation-P340"
	OSRelease="6.8.0-87-generic"
	OSVersion="#88~22.04.1-Ubuntu SMP PREEMPT_DYNAMIC Tue Oct 14 14:03:14 UTC 2"
	OSPlatform="x86_64"
	Is64Bits="1"
	VendorString="GenuineIntel"
	VendorID="Intel Corporation"
	FamilyID="6"
	ModelID="165"
	ProcessorCacheSize="16384"
	NumberOfLogicalCPU="16"
	NumberOfPhysicalCPU="8"
	TotalVirtualMemory="15624"
	TotalPhysicalMemory="15696"
	LogicalProcessorsPerPhysical="2"
	ProcessorClockFrequency="4598.63"
	>
	<Testing>
		<StartDateTime>Jan 24 22:11 CST</StartDateTime>
		<StartTestTime>1769263871</StartTestTime>
		<TestList/>
		<EndDateTime>Jan 24 22:11 CST</EndDateTime>
		<EndTestTime>1769263871</EndTestTime>
		<ElapsedMinutes>0</ElapsedMinutes>
	</Testing>
</Site>
